<?xml version="1.0" encoding="UTF-8"?>
<!-- Generated by org.testng.reporters.JUnitReportReporter -->
<testsuite skipped="0" hostname="appss-MBP-5" name="com.mashery.webapps.HelloWorld" tests="1" failures="0" timestamp="2022-02-19T18:00:10 IST" time="0.006" errors="0">
  <testcase name="welcomeTest" time="0.006" classname="com.mashery.webapps.HelloWorld"/>
  <system-out/>
</testsuite> <!-- com.mashery.webapps.HelloWorld -->
